<?xml version="1.0" encoding="UTF-8"?>
<!-- Generated by org.testng.reporters.JUnitReportReporter -->
<testsuite hostname="LAPTOP-VPD2VMP9" failures="0" tests="1" name="createNewUser.TestPojo1" time="4.422" errors="0" timestamp="2024-05-04T17:48:55 IST" skipped="0">
  <testcase classname="createNewUser.TestPojo1" name="postCall" time="4.422"/>
  <system-out/>
</testsuite> <!-- createNewUser.TestPojo1 -->
