<?xml version="1.0" encoding="UTF-8"?>
<!-- Generated by org.testng.reporters.JUnitReportReporter -->
<testsuite hostname="LAPTOP-VPD2VMP9" failures="0" tests="1" name="revisionhttptest.PostWithPojoWithLombok" time="4.892" errors="0" timestamp="2024-06-01T10:41:20 IST" skipped="0">
  <testcase classname="revisionhttptest.PostWithPojoWithLombok" name="postMethod" time="4.892"/>
  <system-out/>
</testsuite> <!-- revisionhttptest.PostWithPojoWithLombok -->
