<?xml version="1.0" encoding="UTF-8"?>
<!-- Generated by org.testng.reporters.JUnitReportReporter -->
<testsuite hostname="LAPTOP-VPD2VMP9" failures="0" tests="2" name="endToEndTXn.E2E3" time="2.716" errors="0" timestamp="2024-05-02T12:06:35 IST" skipped="0">
  <testcase classname="endToEndTXn.E2E3" name="postCallWithExcel" time="0.579"/>
  <system-out/>
  <testcase classname="endToEndTXn.E2E3" name="postCallWithExcel" time="2.137"/>
  <system-out/>
</testsuite> <!-- endToEndTXn.E2E3 -->
