<?xml version="1.0" encoding="UTF-8"?>
<!-- Generated by org.testng.reporters.JUnitReportReporter -->
<testsuite hostname="LAPTOP-VPD2VMP9" failures="0" tests="1" name="basicOfRestAssured1.BDDRestAssured" time="2.940" errors="0" timestamp="2024-05-18T16:20:00 IST" skipped="0">
  <testcase classname="basicOfRestAssured1.BDDRestAssured" name="test" time="2.940"/>
  <system-out/>
</testsuite> <!-- basicOfRestAssured1.BDDRestAssured -->
