<?xml version="1.0" encoding="UTF-8"?>
<!-- Generated by org.testng.reporters.JUnitReportReporter -->
<testsuite hostname="LAPTOP-VPD2VMP9" failures="0" tests="1" name="endToEndTXn.E2E2" time="5.242" errors="0" timestamp="2024-04-28T11:45:55 IST" skipped="0">
  <testcase classname="endToEndTXn.E2E2" name="e2E" time="5.242"/>
  <system-out/>
</testsuite> <!-- endToEndTXn.E2E2 -->
