<?xml version="1.0" encoding="UTF-8"?>
<!-- Generated by org.testng.reporters.JUnitReportReporter -->
<testsuite hostname="LAPTOP-VPD2VMP9" failures="0" tests="1" name="test.REst" time="2.319" errors="0" timestamp="2024-04-27T20:44:47 IST" skipped="0">
  <testcase classname="test.REst" name="scan" time="2.319"/>
  <system-out/>
</testsuite> <!-- test.REst -->
