<?xml version="1.0" encoding="UTF-8"?>
<!-- Generated by org.testng.reporters.JUnitReportReporter -->
<testsuite hostname="LAPTOP-VPD2VMP9" failures="0" tests="1" name="httpsMethods.UserPostWithLombok" time="2.573" errors="0" timestamp="2024-05-05T11:15:16 IST" skipped="0">
  <testcase classname="httpsMethods.UserPostWithLombok" name="newUser" time="2.573"/>
  <system-out/>
</testsuite> <!-- httpsMethods.UserPostWithLombok -->
