<?xml version="1.0" encoding="UTF-8"?>
<!-- Generated by org.testng.reporters.JUnitReportReporter -->
<testsuite hostname="LAPTOP-VPD2VMP9" failures="0" tests="1" name="parsing.JsonPrasing2" time="2.495" errors="0" timestamp="2024-05-11T11:40:06 IST" skipped="0">
  <testcase classname="parsing.JsonPrasing2" name="test1" time="2.495"/>
  <system-out/>
</testsuite> <!-- parsing.JsonPrasing2 -->
