<?xml version="1.0" encoding="UTF-8"?>
<!-- Generated by org.testng.reporters.JUnitReportReporter -->
<testsuite hostname="LAPTOP-VPD2VMP9" failures="0" tests="1" name="httpsMethods.PetPostWithLombok" time="3.002" errors="0" timestamp="2024-05-05T11:43:39 IST" skipped="0">
  <testcase classname="httpsMethods.PetPostWithLombok" name="createPetStore" time="3.002"/>
  <system-out/>
</testsuite> <!-- httpsMethods.PetPostWithLombok -->
