<?xml version="1.0" encoding="UTF-8"?>
<!-- Generated by org.testng.reporters.JUnitReportReporter -->
<testsuite hostname="LAPTOP-VPD2VMP9" failures="0" tests="1" name="endToEndTXn.Postcall2" time="3.211" errors="0" timestamp="2024-05-04T16:43:27 IST" skipped="0">
  <testcase classname="endToEndTXn.Postcall2" name="postMethod" time="3.211"/>
  <system-out/>
</testsuite> <!-- endToEndTXn.Postcall2 -->
