<?xml version="1.0" encoding="UTF-8"?>
<!-- Generated by org.testng.reporters.JUnitReportReporter -->
<testsuite hostname="LAPTOP-VPD2VMP9" failures="0" tests="1" name="revisionhttptest.PostWithPojo" time="3.644" errors="0" timestamp="2024-06-01T10:28:17 IST" skipped="0">
  <testcase classname="revisionhttptest.PostWithPojo" name="postMethod" time="3.644"/>
  <system-out/>
</testsuite> <!-- revisionhttptest.PostWithPojo -->
